#
# There is insufficient memory for the Java Runtime Environment to continue.
# Native memory allocation (malloc) failed to allocate 201696 bytes for Chunk::new
# Possible reasons:
#   The system is out of physical RAM or swap space
#   The process is running with CompressedOops enabled, and the Java Heap may be blocking the growth of the native heap
# Possible solutions:
#   Reduce memory load on the system
#   Increase physical memory or swap space
#   Check if swap backing store is full
#   Decrease Java heap size (-Xmx/-Xms)
#   Decrease number of Java threads
#   Decrease Java thread stack sizes (-Xss)
#   Set larger code cache with -XX:ReservedCodeCacheSize=
#   JVM is running with Unscaled Compressed Oops mode in which the Java heap is
#     placed in the first 4GB address space. The Java Heap base address is the
#     maximum limit for the native heap growth. Please use -XX:HeapBaseMinAddress
#     to set the Java Heap base and to place the Java Heap above 4GB virtual address.
# This output file may be truncated or incomplete.
#
#  Out of Memory Error (./src/hotspot/share/memory/arena.cpp:197), pid=1540, tid=13636
#
# JRE version: OpenJDK Runtime Environment (11.0.10) (build 11.0.10+0-b96-7249189)
# Java VM: OpenJDK 64-Bit Server VM (11.0.10+0-b96-7249189, mixed mode, tiered, compressed oops, g1 gc, windows-amd64)
# No core dump will be written. Minidumps are not enabled by default on client versions of Windows
#

---------------  S U M M A R Y ------------

Command Line: -Dorg.gradle.appname=gradlew org.gradle.wrapper.GradleWrapperMain -q -Ptarget-platform=android-arm64 -Ptarget=C:\Users\Lana\Desktop\haysters_laundromat\lib\main.dart -Pbase-application-name=android.app.Application -Pdart-defines=Zmx1dHRlci5pbnNwZWN0b3Iuc3RydWN0dXJlZEVycm9ycz10cnVl,RkxVVFRFUl9XRUJfQVVUT19ERVRFQ1Q9dHJ1ZQ== -Pdart-obfuscation=false -Ptrack-widget-creation=true -Ptree-shake-icons=false -Pfilesystem-scheme=org-dartlang-root assembleDebug

Host: Intel(R) Core(TM) i5-7200U CPU @ 2.50GHz, 4 cores, 7G,  Windows 10 , 64 bit Build 18362 (10.0.18362.1110)
Time: Fri Mar 25 01:59:55 2022 W. Central Africa Standard Time elapsed time: 1.392413 seconds (0d 0h 0m 1s)

---------------  T H R E A D  ---------------

Current thread (0x000001d23d601800):  JavaThread "C2 CompilerThread0" daemon [_thread_in_native, id=13636, stack(0x000000283c500000,0x000000283c600000)]


Current CompileTask:
C2:   1392  455       4       java.util.HashMap::putVal (300 bytes)

Stack: [0x000000283c500000,0x000000283c600000]
Native frames: (J=compiled Java code, j=interpreted, Vv=VM code, C=native code)
V  [jvm.dll+0x5ecfaa]
V  [jvm.dll+0x722bd5]
V  [jvm.dll+0x72412d]
V  [jvm.dll+0x7247e3]
V  [jvm.dll+0x242928]
V  [jvm.dll+0xbc4fc]
V  [jvm.dll+0xbca0c]
V  [jvm.dll+0x2b4fd4]
V  [jvm.dll+0x506028]
V  [jvm.dll+0x1fccf6]
V  [jvm.dll+0x1fa77f]
V  [jvm.dll+0x18354c]
V  [jvm.dll+0x208ee7]
V  [jvm.dll+0x207731]
V  [jvm.dll+0x6eb1cf]
V  [jvm.dll+0x6e3d45]
V  [jvm.dll+0x5ebe96]
C  [ucrtbase.dll+0x210b2]
C  [KERNEL32.DLL+0x17c24]
C  [ntdll.dll+0x6d4d1]


---------------  P R O C E S S  ---------------

Threads class SMR info:
_java_thread_list=0x000001d23d73a500, length=10, elements={
0x000001d2213bd800, 0x000001d23cc78000, 0x000001d23cc79000, 0x000001d23d5f8800,
0x000001d23d5fa800, 0x000001d23d5fd800, 0x000001d23d601800, 0x000001d23ccad800,
0x000001d23d651000, 0x000001d23d764800
}

Java Threads: ( => current thread )
  0x000001d2213bd800 JavaThread "main" [_thread_in_Java, id=6336, stack(0x000000283b800000,0x000000283b900000)]
  0x000001d23cc78000 JavaThread "Reference Handler" daemon [_thread_blocked, id=11184, stack(0x000000283c000000,0x000000283c100000)]
  0x000001d23cc79000 JavaThread "Finalizer" daemon [_thread_blocked, id=2380, stack(0x000000283c100000,0x000000283c200000)]
  0x000001d23d5f8800 JavaThread "Signal Dispatcher" daemon [_thread_blocked, id=13080, stack(0x000000283c200000,0x000000283c300000)]
  0x000001d23d5fa800 JavaThread "Attach Listener" daemon [_thread_blocked, id=10836, stack(0x000000283c300000,0x000000283c400000)]
  0x000001d23d5fd800 JavaThread "Service Thread" daemon [_thread_blocked, id=10708, stack(0x000000283c400000,0x000000283c500000)]
=>0x000001d23d601800 JavaThread "C2 CompilerThread0" daemon [_thread_in_native, id=13636, stack(0x000000283c500000,0x000000283c600000)]
  0x000001d23ccad800 JavaThread "C1 CompilerThread0" daemon [_thread_in_native, id=14920, stack(0x000000283c600000,0x000000283c700000)]
  0x000001d23d651000 JavaThread "Sweeper thread" daemon [_thread_blocked, id=7872, stack(0x000000283c700000,0x000000283c800000)]
  0x000001d23d764800 JavaThread "Common-Cleaner" daemon [_thread_blocked, id=10504, stack(0x000000283c900000,0x000000283ca00000)]

Other Threads:
  0x000001d23cc4c800 VMThread "VM Thread" [stack: 0x000000283bf00000,0x000000283c000000] [id=15132]
  0x000001d23d740800 WatcherThread [stack: 0x000000283c800000,0x000000283c900000] [id=12376]
  0x000001d2213d5800 GCTaskThread "GC Thread#0" [stack: 0x000000283ba00000,0x000000283bb00000] [id=7660]
  0x000001d221404800 ConcurrentGCThread "G1 Main Marker" [stack: 0x000000283bb00000,0x000000283bc00000] [id=10756]
  0x000001d221406000 ConcurrentGCThread "G1 Conc#0" [stack: 0x000000283bc00000,0x000000283bd00000] [id=10752]
  0x000001d221487000 ConcurrentGCThread "G1 Refine#0" [stack: 0x000000283bd00000,0x000000283be00000] [id=2044]
  0x000001d221489000 ConcurrentGCThread "G1 Young RemSet Sampling" [stack: 0x000000283be00000,0x000000283bf00000] [id=16620]

Threads with active compile tasks:
C2 CompilerThread0   1415  455       4       java.util.HashMap::putVal (300 bytes)

VM state:not at safepoint (normal execution)

VM Mutex/Monitor currently owned by a thread: None

Heap address: 0x0000000084400000, size: 1980 MB, Compressed Oops mode: 32-bit
Narrow klass base: 0x0000000000000000, Narrow klass shift: 3
Compressed class space size: 1073741824 Address: 0x0000000100000000

Heap:
 garbage-first heap   total 126976K, used 10240K [0x0000000084400000, 0x0000000100000000)
  region size 1024K, 9 young (9216K), 0 survivors (0K)
 Metaspace       used 7442K, capacity 7577K, committed 7680K, reserved 1056768K
  class space    used 658K, capacity 714K, committed 768K, reserved 1048576K
Heap Regions: E=young(eden), S=young(survivor), O=old, HS=humongous(starts), HC=humongous(continues), CS=collection set, F=free, A=archive, TAMS=top-at-mark-start (previous, next)
|   0|0x0000000084400000, 0x0000000084500000, 0x0000000084500000|100%|HS|  |TAMS 0x0000000084400000, 0x0000000084400000| Complete 
|   1|0x0000000084500000, 0x0000000084600000, 0x0000000084600000|100%|HC|  |TAMS 0x0000000084500000, 0x0000000084500000| Complete 
|   2|0x0000000084600000, 0x0000000084700000, 0x0000000084700000|100%|HC|  |TAMS 0x0000000084600000, 0x0000000084600000| Complete 
|   3|0x0000000084700000, 0x0000000084700000, 0x0000000084800000|  0%| F|  |TAMS 0x0000000084700000, 0x0000000084700000| Untracked 
|   4|0x0000000084800000, 0x0000000084800000, 0x0000000084900000|  0%| F|  |TAMS 0x0000000084800000, 0x0000000084800000| Untracked 
|   5|0x0000000084900000, 0x0000000084900000, 0x0000000084a00000|  0%| F|  |TAMS 0x0000000084900000, 0x0000000084900000| Untracked 
|   6|0x0000000084a00000, 0x0000000084a00000, 0x0000000084b00000|  0%| F|  |TAMS 0x0000000084a00000, 0x0000000084a00000| Untracked 
|   7|0x0000000084b00000, 0x0000000084b00000, 0x0000000084c00000|  0%| F|  |TAMS 0x0000000084b00000, 0x0000000084b00000| Untracked 
|   8|0x0000000084c00000, 0x0000000084c00000, 0x0000000084d00000|  0%| F|  |TAMS 0x0000000084c00000, 0x0000000084c00000| Untracked 
|   9|0x0000000084d00000, 0x0000000084d00000, 0x0000000084e00000|  0%| F|  |TAMS 0x0000000084d00000, 0x0000000084d00000| Untracked 
|  10|0x0000000084e00000, 0x0000000084e00000, 0x0000000084f00000|  0%| F|  |TAMS 0x0000000084e00000, 0x0000000084e00000| Untracked 
|  11|0x0000000084f00000, 0x0000000084f00000, 0x0000000085000000|  0%| F|  |TAMS 0x0000000084f00000, 0x0000000084f00000| Untracked 
|  12|0x0000000085000000, 0x0000000085000000, 0x0000000085100000|  0%| F|  |TAMS 0x0000000085000000, 0x0000000085000000| Untracked 
|  13|0x0000000085100000, 0x0000000085100000, 0x0000000085200000|  0%| F|  |TAMS 0x0000000085100000, 0x0000000085100000| Untracked 
|  14|0x0000000085200000, 0x0000000085200000, 0x0000000085300000|  0%| F|  |TAMS 0x0000000085200000, 0x0000000085200000| Untracked 
|  15|0x0000000085300000, 0x0000000085300000, 0x0000000085400000|  0%| F|  |TAMS 0x0000000085300000, 0x0000000085300000| Untracked 
|  16|0x0000000085400000, 0x0000000085400000, 0x0000000085500000|  0%| F|  |TAMS 0x0000000085400000, 0x0000000085400000| Untracked 
|  17|0x0000000085500000, 0x0000000085500000, 0x0000000085600000|  0%| F|  |TAMS 0x0000000085500000, 0x0000000085500000| Untracked 
|  18|0x0000000085600000, 0x0000000085600000, 0x0000000085700000|  0%| F|  |TAMS 0x0000000085600000, 0x0000000085600000| Untracked 
|  19|0x0000000085700000, 0x0000000085700000, 0x0000000085800000|  0%| F|  |TAMS 0x0000000085700000, 0x0000000085700000| Untracked 
|  20|0x0000000085800000, 0x0000000085800000, 0x0000000085900000|  0%| F|  |TAMS 0x0000000085800000, 0x0000000085800000| Untracked 
|  21|0x0000000085900000, 0x0000000085900000, 0x0000000085a00000|  0%| F|  |TAMS 0x0000000085900000, 0x0000000085900000| Untracked 
|  22|0x0000000085a00000, 0x0000000085a00000, 0x0000000085b00000|  0%| F|  |TAMS 0x0000000085a00000, 0x0000000085a00000| Untracked 
|  23|0x0000000085b00000, 0x0000000085b00000, 0x0000000085c00000|  0%| F|  |TAMS 0x0000000085b00000, 0x0000000085b00000| Untracked 
|  24|0x0000000085c00000, 0x0000000085c00000, 0x0000000085d00000|  0%| F|  |TAMS 0x0000000085c00000, 0x0000000085c00000| Untracked 
|  25|0x0000000085d00000, 0x0000000085d00000, 0x0000000085e00000|  0%| F|  |TAMS 0x0000000085d00000, 0x0000000085d00000| Untracked 
|  26|0x0000000085e00000, 0x0000000085e00000, 0x0000000085f00000|  0%| F|  |TAMS 0x0000000085e00000, 0x0000000085e00000| Untracked 
|  27|0x0000000085f00000, 0x0000000085f00000, 0x0000000086000000|  0%| F|  |TAMS 0x0000000085f00000, 0x0000000085f00000| Untracked 
|  28|0x0000000086000000, 0x0000000086000000, 0x0000000086100000|  0%| F|  |TAMS 0x0000000086000000, 0x0000000086000000| Untracked 
|  29|0x0000000086100000, 0x0000000086100000, 0x0000000086200000|  0%| F|  |TAMS 0x0000000086100000, 0x0000000086100000| Untracked 
|  30|0x0000000086200000, 0x0000000086200000, 0x0000000086300000|  0%| F|  |TAMS 0x0000000086200000, 0x0000000086200000| Untracked 
|  31|0x0000000086300000, 0x0000000086300000, 0x0000000086400000|  0%| F|  |TAMS 0x0000000086300000, 0x0000000086300000| Untracked 
|  32|0x0000000086400000, 0x0000000086400000, 0x0000000086500000|  0%| F|  |TAMS 0x0000000086400000, 0x0000000086400000| Untracked 
|  33|0x0000000086500000, 0x0000000086500000, 0x0000000086600000|  0%| F|  |TAMS 0x0000000086500000, 0x0000000086500000| Untracked 
|  34|0x0000000086600000, 0x0000000086600000, 0x0000000086700000|  0%| F|  |TAMS 0x0000000086600000, 0x0000000086600000| Untracked 
|  35|0x0000000086700000, 0x0000000086700000, 0x0000000086800000|  0%| F|  |TAMS 0x0000000086700000, 0x0000000086700000| Untracked 
|  36|0x0000000086800000, 0x0000000086800000, 0x0000000086900000|  0%| F|  |TAMS 0x0000000086800000, 0x0000000086800000| Untracked 
|  37|0x0000000086900000, 0x0000000086900000, 0x0000000086a00000|  0%| F|  |TAMS 0x0000000086900000, 0x0000000086900000| Untracked 
|  38|0x0000000086a00000, 0x0000000086a00000, 0x0000000086b00000|  0%| F|  |TAMS 0x0000000086a00000, 0x0000000086a00000| Untracked 
|  39|0x0000000086b00000, 0x0000000086b00000, 0x0000000086c00000|  0%| F|  |TAMS 0x0000000086b00000, 0x0000000086b00000| Untracked 
|  40|0x0000000086c00000, 0x0000000086c00000, 0x0000000086d00000|  0%| F|  |TAMS 0x0000000086c00000, 0x0000000086c00000| Untracked 
|  41|0x0000000086d00000, 0x0000000086d00000, 0x0000000086e00000|  0%| F|  |TAMS 0x0000000086d00000, 0x0000000086d00000| Untracked 
|  42|0x0000000086e00000, 0x0000000086e00000, 0x0000000086f00000|  0%| F|  |TAMS 0x0000000086e00000, 0x0000000086e00000| Untracked 
|  43|0x0000000086f00000, 0x0000000086f00000, 0x0000000087000000|  0%| F|  |TAMS 0x0000000086f00000, 0x0000000086f00000| Untracked 
|  44|0x0000000087000000, 0x0000000087000000, 0x0000000087100000|  0%| F|  |TAMS 0x0000000087000000, 0x0000000087000000| Untracked 
|  45|0x0000000087100000, 0x0000000087100000, 0x0000000087200000|  0%| F|  |TAMS 0x0000000087100000, 0x0000000087100000| Untracked 
|  46|0x0000000087200000, 0x0000000087200000, 0x0000000087300000|  0%| F|  |TAMS 0x0000000087200000, 0x0000000087200000| Untracked 
|  47|0x0000000087300000, 0x0000000087300000, 0x0000000087400000|  0%| F|  |TAMS 0x0000000087300000, 0x0000000087300000| Untracked 
|  48|0x0000000087400000, 0x0000000087400000, 0x0000000087500000|  0%| F|  |TAMS 0x0000000087400000, 0x0000000087400000| Untracked 
|  49|0x0000000087500000, 0x0000000087500000, 0x0000000087600000|  0%| F|  |TAMS 0x0000000087500000, 0x0000000087500000| Untracked 
|  50|0x0000000087600000, 0x0000000087600000, 0x0000000087700000|  0%| F|  |TAMS 0x0000000087600000, 0x0000000087600000| Untracked 
|  51|0x0000000087700000, 0x0000000087700000, 0x0000000087800000|  0%| F|  |TAMS 0x0000000087700000, 0x0000000087700000| Untracked 
|  52|0x0000000087800000, 0x0000000087800000, 0x0000000087900000|  0%| F|  |TAMS 0x0000000087800000, 0x0000000087800000| Untracked 
|  53|0x0000000087900000, 0x0000000087900000, 0x0000000087a00000|  0%| F|  |TAMS 0x0000000087900000, 0x0000000087900000| Untracked 
|  54|0x0000000087a00000, 0x0000000087a00000, 0x0000000087b00000|  0%| F|  |TAMS 0x0000000087a00000, 0x0000000087a00000| Untracked 
|  55|0x0000000087b00000, 0x0000000087b00000, 0x0000000087c00000|  0%| F|  |TAMS 0x0000000087b00000, 0x0000000087b00000| Untracked 
|  56|0x0000000087c00000, 0x0000000087c00000, 0x0000000087d00000|  0%| F|  |TAMS 0x0000000087c00000, 0x0000000087c00000| Untracked 
|  57|0x0000000087d00000, 0x0000000087d00000, 0x0000000087e00000|  0%| F|  |TAMS 0x0000000087d00000, 0x0000000087d00000| Untracked 
|  58|0x0000000087e00000, 0x0000000087e00000, 0x0000000087f00000|  0%| F|  |TAMS 0x0000000087e00000, 0x0000000087e00000| Untracked 
|  59|0x0000000087f00000, 0x0000000087f00000, 0x0000000088000000|  0%| F|  |TAMS 0x0000000087f00000, 0x0000000087f00000| Untracked 
|  60|0x0000000088000000, 0x0000000088000000, 0x0000000088100000|  0%| F|  |TAMS 0x0000000088000000, 0x0000000088000000| Untracked 
|  61|0x0000000088100000, 0x0000000088100000, 0x0000000088200000|  0%| F|  |TAMS 0x0000000088100000, 0x0000000088100000| Untracked 
|  62|0x0000000088200000, 0x0000000088200000, 0x0000000088300000|  0%| F|  |TAMS 0x0000000088200000, 0x0000000088200000| Untracked 
|  63|0x0000000088300000, 0x0000000088300000, 0x0000000088400000|  0%| F|  |TAMS 0x0000000088300000, 0x0000000088300000| Untracked 
|  64|0x0000000088400000, 0x0000000088400000, 0x0000000088500000|  0%| F|  |TAMS 0x0000000088400000, 0x0000000088400000| Untracked 
|  65|0x0000000088500000, 0x0000000088500000, 0x0000000088600000|  0%| F|  |TAMS 0x0000000088500000, 0x0000000088500000| Untracked 
|  66|0x0000000088600000, 0x0000000088600000, 0x0000000088700000|  0%| F|  |TAMS 0x0000000088600000, 0x0000000088600000| Untracked 
|  67|0x0000000088700000, 0x0000000088700000, 0x0000000088800000|  0%| F|  |TAMS 0x0000000088700000, 0x0000000088700000| Untracked 
|  68|0x0000000088800000, 0x0000000088800000, 0x0000000088900000|  0%| F|  |TAMS 0x0000000088800000, 0x0000000088800000| Untracked 
|  69|0x0000000088900000, 0x0000000088900000, 0x0000000088a00000|  0%| F|  |TAMS 0x0000000088900000, 0x0000000088900000| Untracked 
|  70|0x0000000088a00000, 0x0000000088a00000, 0x0000000088b00000|  0%| F|  |TAMS 0x0000000088a00000, 0x0000000088a00000| Untracked 
|  71|0x0000000088b00000, 0x0000000088b00000, 0x0000000088c00000|  0%| F|  |TAMS 0x0000000088b00000, 0x0000000088b00000| Untracked 
|  72|0x0000000088c00000, 0x0000000088c00000, 0x0000000088d00000|  0%| F|  |TAMS 0x0000000088c00000, 0x0000000088c00000| Untracked 
|  73|0x0000000088d00000, 0x0000000088d00000, 0x0000000088e00000|  0%| F|  |TAMS 0x0000000088d00000, 0x0000000088d00000| Untracked 
|  74|0x0000000088e00000, 0x0000000088e00000, 0x0000000088f00000|  0%| F|  |TAMS 0x0000000088e00000, 0x0000000088e00000| Untracked 
|  75|0x0000000088f00000, 0x0000000088f00000, 0x0000000089000000|  0%| F|  |TAMS 0x0000000088f00000, 0x0000000088f00000| Untracked 
|  76|0x0000000089000000, 0x0000000089000000, 0x0000000089100000|  0%| F|  |TAMS 0x0000000089000000, 0x0000000089000000| Untracked 
|  77|0x0000000089100000, 0x0000000089100000, 0x0000000089200000|  0%| F|  |TAMS 0x0000000089100000, 0x0000000089100000| Untracked 
|  78|0x0000000089200000, 0x0000000089200000, 0x0000000089300000|  0%| F|  |TAMS 0x0000000089200000, 0x0000000089200000| Untracked 
|  79|0x0000000089300000, 0x0000000089300000, 0x0000000089400000|  0%| F|  |TAMS 0x0000000089300000, 0x0000000089300000| Untracked 
|  80|0x0000000089400000, 0x0000000089400000, 0x0000000089500000|  0%| F|  |TAMS 0x0000000089400000, 0x0000000089400000| Untracked 
|  81|0x0000000089500000, 0x0000000089500000, 0x0000000089600000|  0%| F|  |TAMS 0x0000000089500000, 0x0000000089500000| Untracked 
|  82|0x0000000089600000, 0x0000000089600000, 0x0000000089700000|  0%| F|  |TAMS 0x0000000089600000, 0x0000000089600000| Untracked 
|  83|0x0000000089700000, 0x0000000089700000, 0x0000000089800000|  0%| F|  |TAMS 0x0000000089700000, 0x0000000089700000| Untracked 
|  84|0x0000000089800000, 0x0000000089800000, 0x0000000089900000|  0%| F|  |TAMS 0x0000000089800000, 0x0000000089800000| Untracked 
|  85|0x0000000089900000, 0x0000000089900000, 0x0000000089a00000|  0%| F|  |TAMS 0x0000000089900000, 0x0000000089900000| Untracked 
|  86|0x0000000089a00000, 0x0000000089a00000, 0x0000000089b00000|  0%| F|  |TAMS 0x0000000089a00000, 0x0000000089a00000| Untracked 
|  87|0x0000000089b00000, 0x0000000089b00000, 0x0000000089c00000|  0%| F|  |TAMS 0x0000000089b00000, 0x0000000089b00000| Untracked 
|  88|0x0000000089c00000, 0x0000000089c00000, 0x0000000089d00000|  0%| F|  |TAMS 0x0000000089c00000, 0x0000000089c00000| Untracked 
|  89|0x0000000089d00000, 0x0000000089d00000, 0x0000000089e00000|  0%| F|  |TAMS 0x0000000089d00000, 0x0000000089d00000| Untracked 
|  90|0x0000000089e00000, 0x0000000089e00000, 0x0000000089f00000|  0%| F|  |TAMS 0x0000000089e00000, 0x0000000089e00000| Untracked 
|  91|0x0000000089f00000, 0x0000000089f00000, 0x000000008a000000|  0%| F|  |TAMS 0x0000000089f00000, 0x0000000089f00000| Untracked 
|  92|0x000000008a000000, 0x000000008a000000, 0x000000008a100000|  0%| F|  |TAMS 0x000000008a000000, 0x000000008a000000| Untracked 
|  93|0x000000008a100000, 0x000000008a100000, 0x000000008a200000|  0%| F|  |TAMS 0x000000008a100000, 0x000000008a100000| Untracked 
|  94|0x000000008a200000, 0x000000008a200000, 0x000000008a300000|  0%| F|  |TAMS 0x000000008a200000, 0x000000008a200000| Untracked 
|  95|0x000000008a300000, 0x000000008a300000, 0x000000008a400000|  0%| F|  |TAMS 0x000000008a300000, 0x000000008a300000| Untracked 
|  96|0x000000008a400000, 0x000000008a400000, 0x000000008a500000|  0%| F|  |TAMS 0x000000008a400000, 0x000000008a400000| Untracked 
|  97|0x000000008a500000, 0x000000008a500000, 0x000000008a600000|  0%| F|  |TAMS 0x000000008a500000, 0x000000008a500000| Untracked 
|  98|0x000000008a600000, 0x000000008a600000, 0x000000008a700000|  0%| F|  |TAMS 0x000000008a600000, 0x000000008a600000| Untracked 
|  99|0x000000008a700000, 0x000000008a700000, 0x000000008a800000|  0%| F|  |TAMS 0x000000008a700000, 0x000000008a700000| Untracked 
| 100|0x000000008a800000, 0x000000008a800000, 0x000000008a900000|  0%| F|  |TAMS 0x000000008a800000, 0x000000008a800000| Untracked 
| 101|0x000000008a900000, 0x000000008a900000, 0x000000008aa00000|  0%| F|  |TAMS 0x000000008a900000, 0x000000008a900000| Untracked 
| 102|0x000000008aa00000, 0x000000008aa00000, 0x000000008ab00000|  0%| F|  |TAMS 0x000000008aa00000, 0x000000008aa00000| Untracked 
| 103|0x000000008ab00000, 0x000000008ab00000, 0x000000008ac00000|  0%| F|  |TAMS 0x000000008ab00000, 0x000000008ab00000| Untracked 
| 104|0x000000008ac00000, 0x000000008ac00000, 0x000000008ad00000|  0%| F|  |TAMS 0x000000008ac00000, 0x000000008ac00000| Untracked 
| 105|0x000000008ad00000, 0x000000008ad00000, 0x000000008ae00000|  0%| F|  |TAMS 0x000000008ad00000, 0x000000008ad00000| Untracked 
| 106|0x000000008ae00000, 0x000000008ae00000, 0x000000008af00000|  0%| F|  |TAMS 0x000000008ae00000, 0x000000008ae00000| Untracked 
| 107|0x000000008af00000, 0x000000008af00000, 0x000000008b000000|  0%| F|  |TAMS 0x000000008af00000, 0x000000008af00000| Untracked 
| 108|0x000000008b000000, 0x000000008b000000, 0x000000008b100000|  0%| F|  |TAMS 0x000000008b000000, 0x000000008b000000| Untracked 
| 109|0x000000008b100000, 0x000000008b100000, 0x000000008b200000|  0%| F|  |TAMS 0x000000008b100000, 0x000000008b100000| Untracked 
| 110|0x000000008b200000, 0x000000008b200000, 0x000000008b300000|  0%| F|  |TAMS 0x000000008b200000, 0x000000008b200000| Untracked 
| 111|0x000000008b300000, 0x000000008b300000, 0x000000008b400000|  0%| F|  |TAMS 0x000000008b300000, 0x000000008b300000| Untracked 
| 112|0x000000008b400000, 0x000000008b400000, 0x000000008b500000|  0%| F|  |TAMS 0x000000008b400000, 0x000000008b400000| Untracked 
| 113|0x000000008b500000, 0x000000008b500000, 0x000000008b600000|  0%| F|  |TAMS 0x000000008b500000, 0x000000008b500000| Untracked 
| 114|0x000000008b600000, 0x000000008b600000, 0x000000008b700000|  0%| F|  |TAMS 0x000000008b600000, 0x000000008b600000| Untracked 
| 115|0x000000008b700000, 0x000000008b7cb2d8, 0x000000008b800000| 79%| E|  |TAMS 0x000000008b700000, 0x000000008b700000| Complete 
| 116|0x000000008b800000, 0x000000008b900000, 0x000000008b900000|100%| E|  |TAMS 0x000000008b800000, 0x000000008b800000| Complete 
| 117|0x000000008b900000, 0x000000008ba00000, 0x000000008ba00000|100%| E|CS|TAMS 0x000000008b900000, 0x000000008b900000| Complete 
| 118|0x000000008ba00000, 0x000000008bb00000, 0x000000008bb00000|100%| E|CS|TAMS 0x000000008ba00000, 0x000000008ba00000| Complete 
| 119|0x000000008bb00000, 0x000000008bc00000, 0x000000008bc00000|100%| E|CS|TAMS 0x000000008bb00000, 0x000000008bb00000| Complete 
| 120|0x000000008bc00000, 0x000000008bd00000, 0x000000008bd00000|100%| E|CS|TAMS 0x000000008bc00000, 0x000000008bc00000| Complete 
| 121|0x000000008bd00000, 0x000000008be00000, 0x000000008be00000|100%| E|CS|TAMS 0x000000008bd00000, 0x000000008bd00000| Complete 
| 122|0x000000008be00000, 0x000000008bf00000, 0x000000008bf00000|100%| E|CS|TAMS 0x000000008be00000, 0x000000008be00000| Complete 
| 123|0x000000008bf00000, 0x000000008c000000, 0x000000008c000000|100%| E|CS|TAMS 0x000000008bf00000, 0x000000008bf00000| Complete 

Card table byte_map: [0x000001d2360c0000,0x000001d2364a0000] _byte_map_base: 0x000001d235c9e000

Marking Bits (Prev, Next): (CMBitMap*) 0x000001d2213fbde8, (CMBitMap*) 0x000001d2213fbe20
 Prev Bits: [0x000001d236880000, 0x000001d238770000)
 Next Bits: [0x000001d238770000, 0x000001d23a660000)

Polling page: 0x000001d221230000

Metaspace:

Usage:
  Non-class:      6.70 MB capacity,     6.62 MB ( 99%) used,    74.47 KB (  1%) free+waste,     5.38 KB ( <1%) overhead. 
      Class:    714.00 KB capacity,   658.94 KB ( 92%) used,    52.56 KB (  7%) free+waste,     2.50 KB ( <1%) overhead. 
       Both:      7.40 MB capacity,     7.27 MB ( 98%) used,   127.03 KB (  2%) free+waste,     7.88 KB ( <1%) overhead. 

Virtual space:
  Non-class space:        8.00 MB reserved,       6.75 MB ( 84%) committed 
      Class space:        1.00 GB reserved,     768.00 KB ( <1%) committed 
             Both:        1.01 GB reserved,       7.50 MB ( <1%) committed 

Chunk freelists:
   Non-Class:  49.00 KB
       Class:  22.00 KB
        Both:  71.00 KB

MaxMetaspaceSize: 17179869184.00 GB
CompressedClassSpaceSize: 1.00 GB

CodeHeap 'non-profiled nmethods': size=120064Kb used=134Kb max_used=134Kb free=119930Kb
 bounds [0x000001d22e180000, 0x000001d22e3f0000, 0x000001d2356c0000]
CodeHeap 'profiled nmethods': size=120000Kb used=681Kb max_used=681Kb free=119318Kb
 bounds [0x000001d226c50000, 0x000001d226ec0000, 0x000001d22e180000]
CodeHeap 'non-nmethods': size=5696Kb used=1061Kb max_used=1074Kb free=4634Kb
 bounds [0x000001d2266c0000, 0x000001d226930000, 0x000001d226c50000]
 total_blobs=829 nmethods=472 adapters=269
 compilation: enabled
              stopped_count=0, restarted_count=0
 full_count=0

Compilation events (20 events):
Event: 1.383 Thread 0x000001d23ccad800  451       3       org.gradle.internal.Cast::uncheckedNonnullCast (2 bytes)
Event: 1.383 Thread 0x000001d23ccad800 nmethod 451 0x000001d226cf3a90 code [0x000001d226cf3c40, 0x000001d226cf3d18]
Event: 1.384 Thread 0x000001d23ccad800  453       3       java.lang.StringLatin1::compareToCI (108 bytes)
Event: 1.384 Thread 0x000001d23ccad800 nmethod 453 0x000001d226cf3d90 code [0x000001d226cf4000, 0x000001d226cf48b8]
Event: 1.385 Thread 0x000001d23ccad800  454       3       java.util.HashSet::iterator (13 bytes)
Event: 1.385 Thread 0x000001d23ccad800 nmethod 454 0x000001d226cf4d10 code [0x000001d226cf4ee0, 0x000001d226cf5158]
Event: 1.386 Thread 0x000001d23ccad800  456       3       java.util.AbstractCollection::addAll (42 bytes)
Event: 1.386 Thread 0x000001d23d601800 nmethod 452 0x000001d22e1a0110 code [0x000001d22e1a02a0, 0x000001d22e1a04d8]
Event: 1.386 Thread 0x000001d23d601800  455       4       java.util.HashMap::putVal (300 bytes)
Event: 1.387 Thread 0x000001d23ccad800 nmethod 456 0x000001d226cf5290 code [0x000001d226cf5480, 0x000001d226cf5978]
Event: 1.387 Thread 0x000001d23ccad800  458       3       java.util.LinkedHashMap::keySet (25 bytes)
Event: 1.387 Thread 0x000001d23ccad800 nmethod 458 0x000001d226cf5b10 code [0x000001d226cf5ce0, 0x000001d226cf60b8]
Event: 1.387 Thread 0x000001d23ccad800  459       3       java.util.LinkedHashMap$LinkedKeySet::iterator (12 bytes)
Event: 1.388 Thread 0x000001d23ccad800 nmethod 459 0x000001d226cf6210 code [0x000001d226cf63e0, 0x000001d226cf6778]
Event: 1.389 Thread 0x000001d23ccad800  460       3       jdk.internal.module.ModuleReferenceImpl::hashCode (56 bytes)
Event: 1.389 Thread 0x000001d23ccad800 nmethod 460 0x000001d226cf6890 code [0x000001d226cf6a80, 0x000001d226cf6ee8]
Event: 1.390 Thread 0x000001d23ccad800  461       3       java.nio.Buffer::limit (65 bytes)
Event: 1.390 Thread 0x000001d23ccad800 nmethod 461 0x000001d226cf7090 code [0x000001d226cf7260, 0x000001d226cf7508]
Event: 1.390 Thread 0x000001d23ccad800  462       1       java.nio.DirectByteBuffer::address (5 bytes)
Event: 1.390 Thread 0x000001d23ccad800 nmethod 462 0x000001d22e1a0610 code [0x000001d22e1a07c0, 0x000001d22e1a0878]

GC Heap History (0 events):
No events

Deoptimization events (20 events):
Event: 1.316 Thread 0x000001d2213bd800 DEOPT PACKING pc=0x000001d226ce900b sp=0x000000283b8fdc20
Event: 1.316 Thread 0x000001d2213bd800 DEOPT UNPACKING pc=0x000001d2266e76ce sp=0x000000283b8fd0f0 mode 0
Event: 1.317 Thread 0x000001d2213bd800 DEOPT PACKING pc=0x000001d226ce900b sp=0x000000283b8fdc20
Event: 1.317 Thread 0x000001d2213bd800 DEOPT UNPACKING pc=0x000001d2266e76ce sp=0x000000283b8fd0f0 mode 0
Event: 1.317 Thread 0x000001d2213bd800 DEOPT PACKING pc=0x000001d226ce900b sp=0x000000283b8fdc20
Event: 1.317 Thread 0x000001d2213bd800 DEOPT UNPACKING pc=0x000001d2266e76ce sp=0x000000283b8fd0f0 mode 0
Event: 1.317 Thread 0x000001d2213bd800 DEOPT PACKING pc=0x000001d226ce900b sp=0x000000283b8fdc20
Event: 1.317 Thread 0x000001d2213bd800 DEOPT UNPACKING pc=0x000001d2266e76ce sp=0x000000283b8fd0f0 mode 0
Event: 1.317 Thread 0x000001d2213bd800 DEOPT PACKING pc=0x000001d226ce900b sp=0x000000283b8fdc20
Event: 1.317 Thread 0x000001d2213bd800 DEOPT UNPACKING pc=0x000001d2266e76ce sp=0x000000283b8fd0f0 mode 0
Event: 1.317 Thread 0x000001d2213bd800 DEOPT PACKING pc=0x000001d226ce900b sp=0x000000283b8fdc20
Event: 1.317 Thread 0x000001d2213bd800 DEOPT UNPACKING pc=0x000001d2266e76ce sp=0x000000283b8fd0f0 mode 0
Event: 1.317 Thread 0x000001d2213bd800 DEOPT PACKING pc=0x000001d226ce900b sp=0x000000283b8fdc20
Event: 1.317 Thread 0x000001d2213bd800 DEOPT UNPACKING pc=0x000001d2266e76ce sp=0x000000283b8fd0f0 mode 0
Event: 1.317 Thread 0x000001d2213bd800 DEOPT PACKING pc=0x000001d226ce900b sp=0x000000283b8fdc20
Event: 1.317 Thread 0x000001d2213bd800 DEOPT UNPACKING pc=0x000001d2266e76ce sp=0x000000283b8fd0f0 mode 0
Event: 1.318 Thread 0x000001d2213bd800 DEOPT PACKING pc=0x000001d226ce900b sp=0x000000283b8fdc20
Event: 1.318 Thread 0x000001d2213bd800 DEOPT UNPACKING pc=0x000001d2266e76ce sp=0x000000283b8fd0f0 mode 0
Event: 1.318 Thread 0x000001d2213bd800 DEOPT PACKING pc=0x000001d226ce900b sp=0x000000283b8fdc20
Event: 1.318 Thread 0x000001d2213bd800 DEOPT UNPACKING pc=0x000001d2266e76ce sp=0x000000283b8fd0f0 mode 0

Classes redefined (0 events):
No events

Internal exceptions (3 events):
Event: 0.711 Thread 0x000001d2213bd800 Exception <a 'java/lang/NoSuchMethodError'{0x000000008be88f10}: 'int java.lang.invoke.DirectMethodHandle$Holder.invokeSpecialIFC(java.lang.Object, java.lang.Object, int)'> (0x000000008be88f10) thrown at [./src/hotspot/share/interpreter/linkResolver.cpp, line 773]
Event: 0.948 Thread 0x000001d2213bd800 Exception <a 'java/lang/NoSuchMethodError'{0x000000008bc0d458}: 'int java.lang.invoke.DirectMethodHandle$Holder.invokeStaticInit(java.lang.Object, java.lang.Object)'> (0x000000008bc0d458) thrown at [./src/hotspot/share/interpreter/linkResolver.cpp, line 773]
Event: 1.118 Thread 0x000001d2213bd800 Exception <a 'java/lang/NoSuchMethodError'{0x000000008bcc7b18}: 'int java.lang.invoke.DirectMethodHandle$Holder.invokeSpecial(java.lang.Object, java.lang.Object, java.lang.Object, java.lang.Object)'> (0x000000008bcc7b18) thrown at [./src/hotspot/share/interpreter/linkResolver.cpp, line 773]

Events (20 events):
Event: 1.109 loading class org/gradle/internal/service/UnknownServiceException
Event: 1.109 loading class org/gradle/internal/service/UnknownServiceException done
Event: 1.110 loading class org/gradle/internal/service/ServiceLookupException
Event: 1.110 loading class org/gradle/internal/service/ServiceLookupException done
Event: 1.110 loading class org/gradle/internal/service/CachingServiceLocator
Event: 1.110 loading class org/gradle/internal/service/CachingServiceLocator done
Event: 1.114 loading class org/gradle/api/internal/classpath/DefaultModuleRegistry$DefaultModule
Event: 1.114 loading class org/gradle/api/internal/classpath/DefaultModuleRegistry$DefaultModule done
Event: 1.115 loading class java/util/Collections$SingletonSet
Event: 1.115 loading class java/util/Collections$SingletonSet done
Event: 1.115 loading class java/util/Collections$1
Event: 1.115 loading class java/util/Collections$1 done
Event: 1.118 loading class org/gradle/api/internal/classpath/DefaultModuleRegistry
Event: 1.118 loading class org/gradle/api/internal/classpath/DefaultModuleRegistry done
Event: 1.122 loading class java/lang/invoke/DirectMethodHandle$Constructor
Event: 1.122 loading class java/lang/invoke/DirectMethodHandle$Constructor done
Event: 1.122 loading class org/gradle/util/GUtil
Event: 1.122 loading class org/gradle/util/GUtil done
Event: 1.124 loading class org/gradle/api/Transformer
Event: 1.124 loading class org/gradle/api/Transformer done


Dynamic libraries:
0x00007ff6d8060000 - 0x00007ff6d806a000 	C:\Program Files\Android\Android Studio\jre\bin\java.exe
0x00007ffe626a0000 - 0x00007ffe62890000 	C:\WINDOWS\SYSTEM32\ntdll.dll
0x00007ffe61f70000 - 0x00007ffe62022000 	C:\WINDOWS\System32\KERNEL32.DLL
0x00007ffe5f670000 - 0x00007ffe5f915000 	C:\WINDOWS\System32\KERNELBASE.dll
0x00007ffe5fae0000 - 0x00007ffe5fbda000 	C:\WINDOWS\System32\ucrtbase.dll
0x00007ffe3ed90000 - 0x00007ffe3eda9000 	C:\Program Files\Android\Android Studio\jre\bin\jli.dll
0x00007ffe61780000 - 0x00007ffe61914000 	C:\WINDOWS\System32\USER32.dll
0x00007ffe60780000 - 0x00007ffe607a1000 	C:\WINDOWS\System32\win32u.dll
0x00007ffe60dd0000 - 0x00007ffe60df6000 	C:\WINDOWS\System32\GDI32.dll
0x00007ffe5f920000 - 0x00007ffe5fab6000 	C:\WINDOWS\System32\gdi32full.dll
0x00007ffe5fcc0000 - 0x00007ffe5fd5e000 	C:\WINDOWS\System32\msvcp_win.dll
0x00007ffe3d970000 - 0x00007ffe3d987000 	C:\Program Files\Android\Android Studio\jre\bin\VCRUNTIME140.dll
0x00007ffe4d020000 - 0x00007ffe4d2a4000 	C:\WINDOWS\WinSxS\amd64_microsoft.windows.common-controls_6595b64144ccf1df_6.0.18362.1256_none_9e7e379be45e40e2\COMCTL32.dll
0x00007ffe61ba0000 - 0x00007ffe61c3e000 	C:\WINDOWS\System32\msvcrt.dll
0x00007ffe621e0000 - 0x00007ffe62516000 	C:\WINDOWS\System32\combase.dll
0x00007ffe62540000 - 0x00007ffe62660000 	C:\WINDOWS\System32\RPCRT4.dll
0x00007ffe5fd60000 - 0x00007ffe5fde1000 	C:\WINDOWS\System32\bcryptPrimitives.dll
0x00007ffe60920000 - 0x00007ffe6094e000 	C:\WINDOWS\System32\IMM32.DLL
0x00007ffe2eaa0000 - 0x00007ffe2eb3d000 	C:\Program Files\Android\Android Studio\jre\bin\msvcp140.dll
0x00007ffe0dbf0000 - 0x00007ffe0e6bf000 	C:\Program Files\Android\Android Studio\jre\bin\server\jvm.dll
0x00007ffe61af0000 - 0x00007ffe61b93000 	C:\WINDOWS\System32\ADVAPI32.dll
0x00007ffe61d10000 - 0x00007ffe61da7000 	C:\WINDOWS\System32\sechost.dll
0x00007ffe621d0000 - 0x00007ffe621d8000 	C:\WINDOWS\System32\PSAPI.DLL
0x00007ffe4ff00000 - 0x00007ffe4ff09000 	C:\WINDOWS\SYSTEM32\WSOCK32.dll
0x00007ffe61f00000 - 0x00007ffe61f6f000 	C:\WINDOWS\System32\WS2_32.dll
0x00007ffe5d160000 - 0x00007ffe5d184000 	C:\WINDOWS\SYSTEM32\WINMM.dll
0x00007ffe53380000 - 0x00007ffe5338a000 	C:\WINDOWS\SYSTEM32\VERSION.dll
0x00007ffe5d130000 - 0x00007ffe5d15d000 	C:\WINDOWS\SYSTEM32\WINMMBASE.dll
0x00007ffe5fc70000 - 0x00007ffe5fcba000 	C:\WINDOWS\System32\cfgmgr32.dll
0x00007ffe5f630000 - 0x00007ffe5f641000 	C:\WINDOWS\System32\kernel.appcore.dll
0x00007ffe57570000 - 0x00007ffe57581000 	C:\Program Files\Android\Android Studio\jre\bin\verify.dll
0x00007ffe50100000 - 0x00007ffe502f4000 	C:\WINDOWS\SYSTEM32\DBGHELP.DLL
0x00007ffe4c9a0000 - 0x00007ffe4c9ca000 	C:\WINDOWS\SYSTEM32\dbgcore.DLL
0x00007ffe57540000 - 0x00007ffe57569000 	C:\Program Files\Android\Android Studio\jre\bin\java.dll
0x00007ffe5bd90000 - 0x00007ffe5bd9b000 	C:\Program Files\Android\Android Studio\jre\bin\jimage.dll
0x00007ffe53fa0000 - 0x00007ffe53fb8000 	C:\Program Files\Android\Android Studio\jre\bin\zip.dll
0x00007ffe60e00000 - 0x00007ffe614e7000 	C:\WINDOWS\System32\SHELL32.dll
0x00007ffe607b0000 - 0x00007ffe60859000 	C:\WINDOWS\System32\shcore.dll
0x00007ffe5fff0000 - 0x00007ffe60771000 	C:\WINDOWS\System32\windows.storage.dll
0x00007ffe5f600000 - 0x00007ffe5f623000 	C:\WINDOWS\System32\profapi.dll
0x00007ffe5f5b0000 - 0x00007ffe5f5fa000 	C:\WINDOWS\System32\powrprof.dll
0x00007ffe5f5a0000 - 0x00007ffe5f5b0000 	C:\WINDOWS\System32\UMPDC.dll
0x00007ffe62030000 - 0x00007ffe62082000 	C:\WINDOWS\System32\shlwapi.dll
0x00007ffe5fac0000 - 0x00007ffe5fad7000 	C:\WINDOWS\System32\cryptsp.dll
0x00007ffe53f50000 - 0x00007ffe53f6a000 	C:\Program Files\Android\Android Studio\jre\bin\net.dll
0x00007ffe59d60000 - 0x00007ffe59e50000 	C:\WINDOWS\SYSTEM32\WINHTTP.dll
0x00007ffe5ed90000 - 0x00007ffe5edf7000 	C:\WINDOWS\system32\mswsock.dll
0x00007ffe4ca70000 - 0x00007ffe4ca84000 	C:\Program Files\Android\Android Studio\jre\bin\nio.dll

dbghelp: loaded successfully - version: 4.0.5 - missing functions: none
symbol engine: initialized successfully - sym options: 0x614 - pdb path: .;C:\Program Files\Android\Android Studio\jre\bin;C:\WINDOWS\SYSTEM32;C:\WINDOWS\WinSxS\amd64_microsoft.windows.common-controls_6595b64144ccf1df_6.0.18362.1256_none_9e7e379be45e40e2;C:\Program Files\Android\Android Studio\jre\bin\server

VM Arguments:
jvm_args: -Dorg.gradle.appname=gradlew 
java_command: org.gradle.wrapper.GradleWrapperMain -q -Ptarget-platform=android-arm64 -Ptarget=C:\Users\Lana\Desktop\haysters_laundromat\lib\main.dart -Pbase-application-name=android.app.Application -Pdart-defines=Zmx1dHRlci5pbnNwZWN0b3Iuc3RydWN0dXJlZEVycm9ycz10cnVl,RkxVVFRFUl9XRUJfQVVUT19ERVRFQ1Q9dHJ1ZQ== -Pdart-obfuscation=false -Ptrack-widget-creation=true -Ptree-shake-icons=false -Pfilesystem-scheme=org-dartlang-root assembleDebug
java_class_path (initial): C:\Users\Lana\Desktop\haysters_laundromat\android\\gradle\wrapper\gradle-wrapper.jar
Launcher Type: SUN_STANDARD

[Global flags]
     intx CICompilerCount                          = 3                                         {product} {ergonomic}
     uint ConcGCThreads                            = 1                                         {product} {ergonomic}
     uint G1ConcRefinementThreads                  = 4                                         {product} {ergonomic}
   size_t G1HeapRegionSize                         = 1048576                                   {product} {ergonomic}
    uintx GCDrainStackTargetSize                   = 64                                        {product} {ergonomic}
   size_t InitialHeapSize                          = 130023424                                 {product} {ergonomic}
   size_t MarkStackSize                            = 4194304                                   {product} {ergonomic}
   size_t MaxHeapSize                              = 2076180480                                {product} {ergonomic}
   size_t MaxNewSize                               = 1245708288                                {product} {ergonomic}
   size_t MinHeapDeltaBytes                        = 1048576                                   {product} {ergonomic}
    uintx NonNMethodCodeHeapSize                   = 5830732                                {pd product} {ergonomic}
    uintx NonProfiledCodeHeapSize                  = 122913754                              {pd product} {ergonomic}
    uintx ProfiledCodeHeapSize                     = 122913754                              {pd product} {ergonomic}
    uintx ReservedCodeCacheSize                    = 251658240                              {pd product} {ergonomic}
     bool SegmentedCodeCache                       = true                                      {product} {ergonomic}
     bool UseCompressedClassPointers               = true                                 {lp64_product} {ergonomic}
     bool UseCompressedOops                        = true                                 {lp64_product} {ergonomic}
     bool UseG1GC                                  = true                                      {product} {ergonomic}
     bool UseLargePagesIndividualAllocation        = false                                  {pd product} {ergonomic}

Logging:
Log output configuration:
 #0: stdout all=warning uptime,level,tags
 #1: stderr all=off uptime,level,tags

Environment Variables:
JAVA_HOME=C:\Program Files\Android\Android Studio\jre
CLASSPATH=C:\Users\Lana\Desktop\haysters_laundromat\android\\gradle\wrapper\gradle-wrapper.jar
PATH=C:\WINDOWS\system32;C:\WINDOWS;C:\WINDOWS\System32\Wbem;C:\WINDOWS\System32\WindowsPowerShell\v1.0\;C:\WINDOWS\System32\OpenSSH\;C:\Program Files\nodejs\;C:\Users\Lana\Documents\Programming set ups\flutter\bin;C:\Users\Lana\AppData\Local\Programs\Microsoft VS Code\bin;C:\Users\Lana\AppData\Roaming\npm;C:\Users\Lana\.cache\firebase\tools\bin;C:\Users\Lana\Documents\Programming set ups\dart-sdk\bin;;C:\Users\Lana\Downloads\flutter_windows_2.8.1-stable-1\flutter\bin\mingit\cmd
USERNAME=Lana
OS=Windows_NT
PROCESSOR_IDENTIFIER=Intel64 Family 6 Model 142 Stepping 9, GenuineIntel



---------------  S Y S T E M  ---------------

OS: Windows 10 , 64 bit Build 18362 (10.0.18362.1110)
OS uptime: 5 days 11:15 hours

CPU:total 4 (initial active 4) (2 cores per cpu, 2 threads per core) family 6 model 142 stepping 9 microcode 0x8e, cmov, cx8, fxsr, mmx, sse, sse2, sse3, ssse3, sse4.1, sse4.2, popcnt, avx, avx2, aes, clmul, erms, 3dnowpref, lzcnt, ht, tsc, tscinvbit, bmi1, bmi2, adx, fma

Memory: 4k page, system-wide physical 7919M (1055M free)
TotalPageFile size 22997M (AvailPageFile size 0M)
current process WorkingSet (physical memory assigned to process): 50M, peak: 50M
current process commit charge ("private bytes"): 195M, peak: 195M

vm_info: OpenJDK 64-Bit Server VM (11.0.10+0-b96-7249189) for windows-amd64 JRE (11.0.10+0-b96-7249189), built on Mar 31 2021 21:44:00 by "builder" with MS VC++ 14.0 (VS2015)

END.
